Determining if the pthread_create exist failed with the following output:
Change Dir: /home/joe/repos/working/GummiArm/orchestration/packages/build/CMakeFiles/CMakeTmp

Run Build Command:"/usr/bin/make" "cmTC_08cd6/fast"
/usr/bin/make -f CMakeFiles/cmTC_08cd6.dir/build.make CMakeFiles/cmTC_08cd6.dir/build
make[1]: Entering directory '/home/joe/repos/working/GummiArm/orchestration/packages/build/CMakeFiles/CMakeTmp'
Building C object CMakeFiles/cmTC_08cd6.dir/CheckSymbolExists.c.o
/usr/bin/cc     -o CMakeFiles/cmTC_08cd6.dir/CheckSymbolExists.c.o   -c /home/joe/repos/working/GummiArm/orchestration/packages/build/CMakeFiles/CMakeTmp/CheckSymbolExists.c
Linking C executable cmTC_08cd6
/usr/bin/cmake -E cmake_link_script CMakeFiles/cmTC_08cd6.dir/link.txt --verbose=1
/usr/bin/cc       CMakeFiles/cmTC_08cd6.dir/CheckSymbolExists.c.o  -o cmTC_08cd6 -rdynamic 
CMakeFiles/cmTC_08cd6.dir/CheckSymbolExists.c.o: In function `main':
CheckSymbolExists.c:(.text+0x16): undefined reference to `pthread_create'
collect2: error: ld returned 1 exit status
CMakeFiles/cmTC_08cd6.dir/build.make:97: recipe for target 'cmTC_08cd6' failed
make[1]: *** [cmTC_08cd6] Error 1
make[1]: Leaving directory '/home/joe/repos/working/GummiArm/orchestration/packages/build/CMakeFiles/CMakeTmp'
Makefile:126: recipe for target 'cmTC_08cd6/fast' failed
make: *** [cmTC_08cd6/fast] Error 2

File /home/joe/repos/working/GummiArm/orchestration/packages/build/CMakeFiles/CMakeTmp/CheckSymbolExists.c:
/* */
#include <pthread.h>

int main(int argc, char** argv)
{
  (void)argv;
#ifndef pthread_create
  return ((int*)(&pthread_create))[argc];
#else
  (void)argc;
  return 0;
#endif
}

Determining if the function pthread_create exists in the pthreads failed with the following output:
Change Dir: /home/joe/repos/working/GummiArm/orchestration/packages/build/CMakeFiles/CMakeTmp

Run Build Command:"/usr/bin/make" "cmTC_695a9/fast"
/usr/bin/make -f CMakeFiles/cmTC_695a9.dir/build.make CMakeFiles/cmTC_695a9.dir/build
make[1]: Entering directory '/home/joe/repos/working/GummiArm/orchestration/packages/build/CMakeFiles/CMakeTmp'
Building C object CMakeFiles/cmTC_695a9.dir/CheckFunctionExists.c.o
/usr/bin/cc    -DCHECK_FUNCTION_EXISTS=pthread_create   -o CMakeFiles/cmTC_695a9.dir/CheckFunctionExists.c.o   -c /usr/share/cmake-3.5/Modules/CheckFunctionExists.c
Linking C executable cmTC_695a9
/usr/bin/cmake -E cmake_link_script CMakeFiles/cmTC_695a9.dir/link.txt --verbose=1
/usr/bin/cc   -DCHECK_FUNCTION_EXISTS=pthread_create    CMakeFiles/cmTC_695a9.dir/CheckFunctionExists.c.o  -o cmTC_695a9 -rdynamic -lpthreads 
/usr/bin/ld: cannot find -lpthreads
collect2: error: ld returned 1 exit status
CMakeFiles/cmTC_695a9.dir/build.make:97: recipe for target 'cmTC_695a9' failed
make[1]: *** [cmTC_695a9] Error 1
make[1]: Leaving directory '/home/joe/repos/working/GummiArm/orchestration/packages/build/CMakeFiles/CMakeTmp'
Makefile:126: recipe for target 'cmTC_695a9/fast' failed
make: *** [cmTC_695a9/fast] Error 2


